<?xml version="1.0" encoding="UTF-8"?>
<!-- Generated by org.testng.reporters.JUnitReportReporter -->
<testsuite skipped="0" hostname="Natalias-MacBook-Pro.local" name="myProject.TestExample" tests="1" failures="0" timestamp="30 янв 2018 14:22:06 GMT" time="0.011" errors="0">
  <testcase name="test_1" time="0.011" classname="myProject.TestExample"/>
</testsuite> <!-- myProject.TestExample -->
