<?xml version="1.0" encoding="UTF-8"?>
<!-- Generated by org.testng.reporters.JUnitReportReporter -->
<testsuite skipped="0" hostname="Natalias-MacBook-Pro.local" name="myProject.TestExample" tests="1" failures="0" timestamp="30 янв 2018 12:57:02 GMT" time="0.016" errors="0">
  <testcase name="exampleOfTestNgMaven" time="0.016" classname="myProject.TestExample"/>
</testsuite> <!-- myProject.TestExample -->
